Start testing: Feb 25 18:03 EST
----------------------------------------------------------
Unable to find executable: cadmium_dynamic_LI_test
1/2 Testing: cadmium_dynamic_LI_test
1/2 Test: cadmium_dynamic_LI_test
Command: ""
Directory: /home/g/cadmium_concurrent_experiments/devstone
"cadmium_dynamic_LI_test" start time: 
Output:
----------------------------------------------------------
<end of output>
Test time =   0.00 sec
----------------------------------------------------------
Test Passed.
"cadmium_dynamic_LI_test" end time: Feb 25 18:03 EST
"cadmium_dynamic_LI_test" time elapsed: 00:00:00
----------------------------------------------------------

2/2 Testing: Cadmium_generator_LI_3x3
2/2 Test: Cadmium_generator_LI_3x3
Command: "/home/g/cadmium_concurrent_experiments/devstone/test/check_generated_LI_against_ref.sh"
Directory: /home/g/cadmium_concurrent_experiments/devstone
"Cadmium_generator_LI_3x3" start time: Feb 25 18:03 EST
Output:
----------------------------------------------------------
<end of output>
Test time =   0.00 sec
----------------------------------------------------------
Test Failed.
"Cadmium_generator_LI_3x3" end time: Feb 25 18:03 EST
"Cadmium_generator_LI_3x3" time elapsed: 00:00:00
----------------------------------------------------------

End testing: Feb 25 18:03 EST
